# JRE version: Java(TM) SE Runtime Environment (20.0.2+9) (build 20.0.2+9-78)
# Java VM: Java HotSpot(TM) 64-Bit Server VM (20.0.2+9-78, mixed mode, sharing, tiered, compressed oops, compressed class ptrs, g1 gc, windows-amd64)
GC Precious Log:
 CardTable entry size: 512
 Card Set container configuration: InlinePtr #cards 5 size 8 Array Of Cards #cards 12 size 40 Howl #buckets 4 coarsen threshold 1843 Howl Bitmap #cards 512 size 80 coarsen threshold 460 Card regions per heap region 1 cards per card region 2048
 CPUs: 8 total, 8 available
 Memory: 8029M
 Large Page Support: Disabled
 NUMA Support: Disabled
 Compressed Oops: Enabled (32-bit)
 Heap Region Size: 1M
 Heap Min Capacity: 8M
 Heap Initial Capacity: 126M
 Heap Max Capacity: 2008M
 Pre-touch: Disabled
 Parallel Workers: 8
 Concurrent Workers: 2
 Concurrent Refinement Workers: 8
 Periodic GC: Disabled
Heap:
 garbage-first heap   total 538624K, used 243439K [0x0000000082800000, 0x0000000100000000)
  region size 1024K, 1 young (1024K), 1 survivors (1024K)
 Metaspace       used 6149K, committed 6336K, reserved 1114112K
  class space    used 818K, committed 896K, reserved 1048576K
GC Heap History (20 events):
Event: 0.763 GC heap after
{Heap after GC invocations=6 (full 0):
 garbage-first heap   total 234496K, used 59108K [0x0000000082800000, 0x0000000100000000)
  region size 1024K, 1 young (1024K), 1 survivors (1024K)
 Metaspace       used 6148K, committed 6336K, reserved 1114112K
  class space    used 818K, committed 896K, reserved 1048576K
}
Event: 0.809 GC heap before
{Heap before GC invocations=6 (full 0):
 garbage-first heap   total 234496K, used 105188K [0x0000000082800000, 0x0000000100000000)
  region size 1024K, 2 young (2048K), 1 survivors (1024K)
 Metaspace       used 6148K, committed 6336K, reserved 1114112K
  class space    used 818K, committed 896K, reserved 1048576K
}
Event: 0.810 GC heap after
{Heap after GC invocations=7 (full 0):
 garbage-first heap   total 234496K, used 88806K [0x0000000082800000, 0x0000000100000000)
  region size 1024K, 1 young (1024K), 1 survivors (1024K)
 Metaspace       used 6148K, committed 6336K, reserved 1114112K
  class space    used 818K, committed 896K, reserved 1048576K
}
Event: 0.821 GC heap before
{Heap before GC invocations=7 (full 0):
 garbage-first heap   total 234496K, used 104166K [0x0000000082800000, 0x0000000100000000)
  region size 1024K, 2 young (2048K), 1 survivors (1024K)
 Metaspace       used 6148K, committed 6336K, reserved 1114112K
  class space    used 818K, committed 896K, reserved 1048576K
}
Event: 0.822 GC heap after
{Heap after GC invocations=8 (full 0):
 garbage-first heap   total 234496K, used 100071K [0x0000000082800000, 0x0000000100000000)
  region size 1024K, 1 young (1024K), 1 survivors (1024K)
 Metaspace       used 6148K, committed 6336K, reserved 1114112K
  class space    used 818K, committed 896K, reserved 1048576K
}
Event: 0.829 GC heap before
{Heap before GC invocations=8 (full 0):
 garbage-first heap   total 234496K, used 108263K [0x0000000082800000, 0x0000000100000000)
  region size 1024K, 2 young (2048K), 1 survivors (1024K)
 Metaspace       used 6148K, committed 6336K, reserved 1114112K
  class space    used 818K, committed 896K, reserved 1048576K
}
Event: 0.830 GC heap after
{Heap after GC invocations=9 (full 0):
 garbage-first heap   total 234496K, used 104171K [0x0000000082800000, 0x0000000100000000)
  region size 1024K, 1 young (1024K), 1 survivors (1024K)
 Metaspace       used 6148K, committed 6336K, reserved 1114112K
  class space    used 818K, committed 896K, reserved 1048576K
}
Event: 0.834 GC heap before
{Heap before GC invocations=9 (full 0):
 garbage-first heap   total 234496K, used 105195K [0x0000000082800000, 0x0000000100000000)
  region size 1024K, 2 young (2048K), 1 survivors (1024K)
 Metaspace       used 6148K, committed 6336K, reserved 1114112K
  class space    used 818K, committed 896K, reserved 1048576K
}
Event: 0.836 GC heap after
{Heap after GC invocations=10 (full 0):
 garbage-first heap   total 538624K, used 105189K [0x0000000082800000, 0x0000000100000000)
  region size 1024K, 1 young (1024K), 1 survivors (1024K)
 Metaspace       used 6148K, committed 6336K, reserved 1114112K
  class space    used 818K, committed 896K, reserved 1048576K
}
Event: 0.969 GC heap before
{Heap before GC invocations=10 (full 0):
 garbage-first heap   total 538624K, used 240357K [0x0000000082800000, 0x0000000100000000)
  region size 1024K, 2 young (2048K), 1 survivors (1024K)
 Metaspace       used 6149K, committed 6336K, reserved 1114112K
  class space    used 818K, committed 896K, reserved 1048576K
}
Event: 0.970 GC heap after
{Heap after GC invocations=11 (full 0):
 garbage-first heap   total 538624K, used 195309K [0x0000000082800000, 0x0000000100000000)
  region size 1024K, 1 young (1024K), 1 survivors (1024K)
 Metaspace       used 6149K, committed 6336K, reserved 1114112K
  class space    used 818K, committed 896K, reserved 1048576K
}
Event: 1.007 GC heap before
{Heap before GC invocations=11 (full 0):
 garbage-first heap   total 538624K, used 235245K [0x0000000082800000, 0x0000000100000000)
  region size 1024K, 2 young (2048K), 1 survivors (1024K)
 Metaspace       used 6149K, committed 6336K, reserved 1114112K
  class space    used 818K, committed 896K, reserved 1048576K
}
Event: 1.008 GC heap after
{Heap after GC invocations=12 (full 0):
 garbage-first heap   total 538624K, used 222952K [0x0000000082800000, 0x0000000100000000)
  region size 1024K, 1 young (1024K), 1 survivors (1024K)
 Metaspace       used 6149K, committed 6336K, reserved 1114112K
  class space    used 818K, committed 896K, reserved 1048576K
}
Event: 1.020 GC heap before
{Heap before GC invocations=12 (full 0):
 garbage-first heap   total 538624K, used 235240K [0x0000000082800000, 0x0000000100000000)
  region size 1024K, 2 young (2048K), 1 survivors (1024K)
 Metaspace       used 6149K, committed 6336K, reserved 1114112K
  class space    used 818K, committed 896K, reserved 1048576K
}
Event: 1.021 GC heap after
{Heap after GC invocations=13 (full 0):
 garbage-first heap   total 538624K, used 231146K [0x0000000082800000, 0x0000000100000000)
  region size 1024K, 1 young (1024K), 1 survivors (1024K)
 Metaspace       used 6149K, committed 6336K, reserved 1114112K
  class space    used 818K, committed 896K, reserved 1048576K
}
Event: 1.032 GC heap before
{Heap before GC invocations=13 (full 0):
 garbage-first heap   total 538624K, used 240362K [0x0000000082800000, 0x0000000100000000)
  region size 1024K, 2 young (2048K), 1 survivors (1024K)
 Metaspace       used 6149K, committed 6336K, reserved 1114112K
  class space    used 818K, committed 896K, reserved 1048576K
}
Event: 1.033 GC heap after
{Heap after GC invocations=14 (full 0):
 garbage-first heap   total 538624K, used 236266K [0x0000000082800000, 0x0000000100000000)
  region size 1024K, 1 young (1024K), 1 survivors (1024K)
 Metaspace       used 6149K, committed 6336K, reserved 1114112K
  class space    used 818K, committed 896K, reserved 1048576K
}
Event: 1.033 GC heap before
{Heap before GC invocations=14 (full 0):
 garbage-first heap   total 538624K, used 239338K [0x0000000082800000, 0x0000000100000000)
  region size 1024K, 2 young (2048K), 1 survivors (1024K)
 Metaspace       used 6149K, committed 6336K, reserved 1114112K
  class space    used 818K, committed 896K, reserved 1048576K
}
Event: 1.034 GC heap after
{Heap after GC invocations=15 (full 0):
 garbage-first heap   total 538624K, used 239338K [0x0000000082800000, 0x0000000100000000)
  region size 1024K, 1 young (1024K), 1 survivors (1024K)
 Metaspace       used 6149K, committed 6336K, reserved 1114112K
  class space    used 818K, committed 896K, reserved 1048576K
}
Event: 1.041 GC heap before
{Heap before GC invocations=15 (full 0):
 garbage-first heap   total 538624K, used 247530K [0x0000000082800000, 0x0000000100000000)
  region size 1024K, 2 young (2048K), 1 survivors (1024K)
 Metaspace       used 6149K, committed 6336K, reserved 1114112K
  class space    used 818K, committed 896K, reserved 1048576K
}

